#Software: Microsoft Internet Information Services 10.0
#Version: 1.0
#Date: 2021-10-19 12:51:46
#Fields: date time s-ip cs-method cs-uri-stem cs-uri-query s-port cs-username c-ip cs(User-Agent) cs(Referer) sc-status sc-substatus sc-win32-status time-taken
2021-10-19 12:51:46 ::1 GET / - 44307 - ::1 Mozilla/5.0+(Windows+NT+10.0;+Win64;+x64)+AppleWebKit/537.36+(KHTML,+like+Gecko)+Chrome/94.0.4606.81+Safari/537.36 - 200 0 0 4795
2021-10-19 12:51:46 ::1 GET /css/site.css - 44307 - ::1 Mozilla/5.0+(Windows+NT+10.0;+Win64;+x64)+AppleWebKit/537.36+(KHTML,+like+Gecko)+Chrome/94.0.4606.81+Safari/537.36 https://localhost:44307/ 200 0 0 79
2021-10-19 12:51:46 ::1 GET /js/site.js v=4q1jwFhaPaZgr8WAUSrux6hAuh0XDg9kPS3xIVq36I0 44307 - ::1 Mozilla/5.0+(Windows+NT+10.0;+Win64;+x64)+AppleWebKit/537.36+(KHTML,+like+Gecko)+Chrome/94.0.4606.81+Safari/537.36 https://localhost:44307/ 200 0 0 64
2021-10-19 12:51:46 ::1 GET /images/banner3.svg - 44307 - ::1 Mozilla/5.0+(Windows+NT+10.0;+Win64;+x64)+AppleWebKit/537.36+(KHTML,+like+Gecko)+Chrome/94.0.4606.81+Safari/537.36 https://localhost:44307/ 200 0 0 58
2021-10-19 12:51:46 ::1 GET /images/banner2.svg - 44307 - ::1 Mozilla/5.0+(Windows+NT+10.0;+Win64;+x64)+AppleWebKit/537.36+(KHTML,+like+Gecko)+Chrome/94.0.4606.81+Safari/537.36 https://localhost:44307/ 200 0 0 59
2021-10-19 12:51:46 ::1 GET /images/banner1.svg - 44307 - ::1 Mozilla/5.0+(Windows+NT+10.0;+Win64;+x64)+AppleWebKit/537.36+(KHTML,+like+Gecko)+Chrome/94.0.4606.81+Safari/537.36 https://localhost:44307/ 200 0 0 89
2021-10-19 12:51:46 ::1 GET /lib/bootstrap/dist/js/bootstrap.js - 44307 - ::1 Mozilla/5.0+(Windows+NT+10.0;+Win64;+x64)+AppleWebKit/537.36+(KHTML,+like+Gecko)+Chrome/94.0.4606.81+Safari/537.36 https://localhost:44307/ 200 0 0 167
2021-10-19 12:51:46 ::1 GET /lib/bootstrap/dist/css/bootstrap.css - 44307 - ::1 Mozilla/5.0+(Windows+NT+10.0;+Win64;+x64)+AppleWebKit/537.36+(KHTML,+like+Gecko)+Chrome/94.0.4606.81+Safari/537.36 https://localhost:44307/ 200 0 0 211
2021-10-19 12:51:46 ::1 GET /lib/jquery/dist/jquery.js - 44307 - ::1 Mozilla/5.0+(Windows+NT+10.0;+Win64;+x64)+AppleWebKit/537.36+(KHTML,+like+Gecko)+Chrome/94.0.4606.81+Safari/537.36 https://localhost:44307/ 200 0 0 294
2021-10-19 12:51:48 ::1 GET /lib/bootstrap/dist/fonts/glyphicons-halflings-regular.woff2 - 44307 - ::1 Mozilla/5.0+(Windows+NT+10.0;+Win64;+x64)+AppleWebKit/537.36+(KHTML,+like+Gecko)+Chrome/94.0.4606.81+Safari/537.36 https://localhost:44307/lib/bootstrap/dist/css/bootstrap.css 200 0 0 440
2021-10-19 12:51:48 ::1 GET /favicon.ico - 44307 - ::1 Mozilla/5.0+(Windows+NT+10.0;+Win64;+x64)+AppleWebKit/537.36+(KHTML,+like+Gecko)+Chrome/94.0.4606.81+Safari/537.36 https://localhost:44307/ 200 0 0 22
2021-10-19 12:52:05 ::1 GET /Products - 44307 - ::1 Mozilla/5.0+(Windows+NT+10.0;+Win64;+x64)+AppleWebKit/537.36+(KHTML,+like+Gecko)+Chrome/94.0.4606.81+Safari/537.36 - 500 0 0 146
2021-10-19 12:53:00 ::1 GET / - 44307 - ::1 Mozilla/5.0+(Windows+NT+10.0;+Win64;+x64)+AppleWebKit/537.36+(KHTML,+like+Gecko)+Chrome/94.0.4606.81+Safari/537.36 - 200 0 0 1714
#Software: Microsoft Internet Information Services 10.0
#Version: 1.0
#Date: 2021-10-19 12:53:22
#Fields: date time s-ip cs-method cs-uri-stem cs-uri-query s-port cs-username c-ip cs(User-Agent) cs(Referer) sc-status sc-substatus sc-win32-status time-taken
2021-10-19 12:53:22 ::1 DEBUG / - 53787 - ::1 - - 200 0 64 9796
2021-10-19 12:53:22 ::1 GET / - 44307 - ::1 Mozilla/5.0+(Windows+NT+10.0;+Win64;+x64)+AppleWebKit/537.36+(KHTML,+like+Gecko)+Chrome/94.0.4606.81+Safari/537.36 - 200 0 0 6244
#Software: Microsoft Internet Information Services 10.0
#Version: 1.0
#Date: 2021-10-19 12:53:55
#Fields: date time s-ip cs-method cs-uri-stem cs-uri-query s-port cs-username c-ip cs(User-Agent) cs(Referer) sc-status sc-substatus sc-win32-status time-taken
2021-10-19 12:53:55 ::1 GET / - 44307 - ::1 Mozilla/5.0+(Windows+NT+10.0;+Win64;+x64)+AppleWebKit/537.36+(KHTML,+like+Gecko)+Chrome/94.0.4606.81+Safari/537.36 - 200 0 0 2087
2021-10-19 12:53:55 ::1 GET /js/site.js v=4q1jwFhaPaZgr8WAUSrux6hAuh0XDg9kPS3xIVq36I0 44307 - ::1 Mozilla/5.0+(Windows+NT+10.0;+Win64;+x64)+AppleWebKit/537.36+(KHTML,+like+Gecko)+Chrome/94.0.4606.81+Safari/537.36 https://localhost:44307/ 304 0 0 28
2021-10-19 12:53:55 ::1 GET /css/site.css - 44307 - ::1 Mozilla/5.0+(Windows+NT+10.0;+Win64;+x64)+AppleWebKit/537.36+(KHTML,+like+Gecko)+Chrome/94.0.4606.81+Safari/537.36 https://localhost:44307/ 304 0 0 29
2021-10-19 12:53:55 ::1 GET /images/banner2.svg - 44307 - ::1 Mozilla/5.0+(Windows+NT+10.0;+Win64;+x64)+AppleWebKit/537.36+(KHTML,+like+Gecko)+Chrome/94.0.4606.81+Safari/537.36 https://localhost:44307/ 304 0 0 18
2021-10-19 12:53:55 ::1 GET /lib/bootstrap/dist/js/bootstrap.js - 44307 - ::1 Mozilla/5.0+(Windows+NT+10.0;+Win64;+x64)+AppleWebKit/537.36+(KHTML,+like+Gecko)+Chrome/94.0.4606.81+Safari/537.36 https://localhost:44307/ 304 0 0 40
2021-10-19 12:53:55 ::1 GET /images/banner3.svg - 44307 - ::1 Mozilla/5.0+(Windows+NT+10.0;+Win64;+x64)+AppleWebKit/537.36+(KHTML,+like+Gecko)+Chrome/94.0.4606.81+Safari/537.36 https://localhost:44307/ 304 0 0 25
2021-10-19 12:53:55 ::1 GET /lib/bootstrap/dist/css/bootstrap.css - 44307 - ::1 Mozilla/5.0+(Windows+NT+10.0;+Win64;+x64)+AppleWebKit/537.36+(KHTML,+like+Gecko)+Chrome/94.0.4606.81+Safari/537.36 https://localhost:44307/ 304 0 0 41
2021-10-19 12:53:55 ::1 GET /images/banner1.svg - 44307 - ::1 Mozilla/5.0+(Windows+NT+10.0;+Win64;+x64)+AppleWebKit/537.36+(KHTML,+like+Gecko)+Chrome/94.0.4606.81+Safari/537.36 https://localhost:44307/ 304 0 0 31
2021-10-19 12:53:55 ::1 GET /lib/jquery/dist/jquery.js - 44307 - ::1 Mozilla/5.0+(Windows+NT+10.0;+Win64;+x64)+AppleWebKit/537.36+(KHTML,+like+Gecko)+Chrome/94.0.4606.81+Safari/537.36 https://localhost:44307/ 304 0 0 49
2021-10-19 12:53:55 ::1 GET /lib/bootstrap/dist/fonts/glyphicons-halflings-regular.woff2 - 44307 - ::1 Mozilla/5.0+(Windows+NT+10.0;+Win64;+x64)+AppleWebKit/537.36+(KHTML,+like+Gecko)+Chrome/94.0.4606.81+Safari/537.36 https://localhost:44307/lib/bootstrap/dist/css/bootstrap.css 304 0 0 13
#Software: Microsoft Internet Information Services 10.0
#Version: 1.0
#Date: 2021-10-19 12:54:25
#Fields: date time s-ip cs-method cs-uri-stem cs-uri-query s-port cs-username c-ip cs(User-Agent) cs(Referer) sc-status sc-substatus sc-win32-status time-taken
2021-10-19 12:54:25 ::1 DEBUG / - 53787 - ::1 - - 200 0 64 6808
2021-10-19 12:54:25 ::1 GET / - 44307 - ::1 Mozilla/5.0+(Windows+NT+10.0;+Win64;+x64)+AppleWebKit/537.36+(KHTML,+like+Gecko)+Chrome/94.0.4606.81+Safari/537.36 - 200 0 0 6227
